<?xml version="1.0" encoding="UTF-8"?>
<!-- Generated by org.testng.reporters.JUnitXMLReporter -->
<testsuite hostname="Thinkpad-PC" ignored="1" name="NegativeTest" tests="1" failures="0" timestamp="10 Feb 2019 19:20:02 GMT" time="10.206" errors="0">
  <testcase name="lncorrectPassNameTest" time="10.185" classname="com.logili.tv.NegativeTests"/>
  <testcase name="lncorrectUserNameTest" time="0.0" classname="com.logili.tv.NegativeTests">
    <ignored/>
  </testcase> <!-- lncorrectUserNameTest -->
</testsuite> <!-- NegativeTest -->
